2021-03-30 09:13:06.110  [restartedMain] ERROR (LoggingFailureAnalysisReporter.java:40) || - 

***************************
APPLICATION FAILED TO START
***************************

Description:

file [E:\java\data\crmmid\fims-crm-mid\target\classes\com\ec\crm\mapper\CustomerSeasMapper.class] required a single bean, but 2 were found:
	- authSqlSessionFactory: defined by method 'sqlSessionFactory' in class path resource [com/ec/common/db/auth/FimsAuthMybatisConfig.class]
	- casSqlSessionFactory: defined by method 'sqlSessionFactory' in class path resource [com/ec/common/db/cas/FimsCasMybatisConfig.class]


Action:

Consider marking one of the beans as @Primary, updating the consumer to accept multiple beans, or using @Qualifier to identify the bean that should be consumed

2021-03-30 09:13:44.872  [restartedMain] ERROR (LoggingFailureAnalysisReporter.java:40) || - 

***************************
APPLICATION FAILED TO START
***************************

Description:

file [E:\java\data\crmmid\fims-crm-mid\target\classes\com\ec\crm\mapper\CustomerSeasMapper.class] required a single bean, but 2 were found:
	- authSqlSessionFactory: defined by method 'sqlSessionFactory' in class path resource [com/ec/common/db/auth/FimsAuthMybatisConfig.class]
	- casSqlSessionFactory: defined by method 'sqlSessionFactory' in class path resource [com/ec/common/db/cas/FimsCasMybatisConfig.class]


Action:

Consider marking one of the beans as @Primary, updating the consumer to accept multiple beans, or using @Qualifier to identify the bean that should be consumed

2021-03-30 09:14:08.799  [restartedMain] ERROR (LoggingFailureAnalysisReporter.java:40) || - 

***************************
APPLICATION FAILED TO START
***************************

Description:

file [E:\java\data\crmmid\fims-crm-mid\target\classes\com\ec\crm\mapper\CustomerSeasMapper.class] required a single bean, but 2 were found:
	- authSqlSessionFactory: defined by method 'sqlSessionFactory' in class path resource [com/ec/common/db/auth/FimsAuthMybatisConfig.class]
	- casSqlSessionFactory: defined by method 'sqlSessionFactory' in class path resource [com/ec/common/db/cas/FimsCasMybatisConfig.class]


Action:

Consider marking one of the beans as @Primary, updating the consumer to accept multiple beans, or using @Qualifier to identify the bean that should be consumed

