2021-04-01 10:54:27.202  [restartedMain] INFO  (SpringApplication.java:655) || - The following profiles are active: test
2021-04-01 10:54:28.235  [restartedMain] INFO  (GenericScope.java:294) || - BeanFactory id=b185a6fe-7aea-3e9f-a5b7-b063e38b8960
2021-04-01 10:54:28.495  [restartedMain] INFO  (PostProcessorRegistrationDelegate.java:330) || - Bean 'org.springframework.transaction.annotation.ProxyTransactionManagementConfiguration' of type [org.springframework.transaction.annotation.ProxyTransactionManagementConfiguration] is not eligible for getting processed by all BeanPostProcessors (for example: not eligible for auto-proxying)
2021-04-01 10:54:28.530  [restartedMain] INFO  (PostProcessorRegistrationDelegate.java:330) || - Bean 'org.springframework.cloud.autoconfigure.ConfigurationPropertiesRebinderAutoConfiguration' of type [org.springframework.cloud.autoconfigure.ConfigurationPropertiesRebinderAutoConfiguration$$EnhancerBySpringCGLIB$$cf67838f] is not eligible for getting processed by all BeanPostProcessors (for example: not eligible for auto-proxying)
2021-04-01 10:54:29.152  [restartedMain] INFO  (TomcatWebServer.java:92) || - Tomcat initialized with port(s): 18603 (http)
2021-04-01 10:54:29.161  [restartedMain] INFO  (DirectJDKLog.java:173) || - Initializing ProtocolHandler ["http-nio-18603"]
2021-04-01 10:54:29.162  [restartedMain] INFO  (DirectJDKLog.java:173) || - Starting service [Tomcat]
2021-04-01 10:54:29.162  [restartedMain] INFO  (DirectJDKLog.java:173) || - Starting Servlet engine: [Apache Tomcat/9.0.30]
2021-04-01 10:54:29.271  [restartedMain] INFO  (DirectJDKLog.java:173) || - Initializing Spring embedded WebApplicationContext
2021-04-01 10:54:29.272  [restartedMain] INFO  (ServletWebServerApplicationContext.java:284) || - Root WebApplicationContext: initialization completed in 2037 ms
2021-04-01 10:54:29.287  [restartedMain] INFO  (CustomerLogoutFilter.java:29) || - com.ec.crm.config.filter.CustomerLogoutFilter$$EnhancerBySpringCGLIB$$c1045894
2021-04-01 10:54:29.307  [restartedMain] INFO  (CustomerLogoutFilter.java:41) || - com.ec.crm.config.filter.CustomerLogoutFilter$$EnhancerBySpringCGLIB$$c1045894
2021-04-01 10:54:29.341  [restartedMain] INFO  (CustomerCasClientConfigurer.java:19) || - com.ec.crm.config.CustomerCasClientConfigurer$$EnhancerBySpringCGLIB$$2cd447ac
2021-04-01 10:54:29.854  [restartedMain] INFO  (WebXmlConfigurationStrategyImpl.java:43) || - Property [serverName] loaded from FilterConfig.getInitParameter with value [http://ssobg.znglzx.com]
2021-04-01 10:54:29.856  [restartedMain] INFO  (WebXmlConfigurationStrategyImpl.java:43) || - Property [casServerUrlPrefix] loaded from FilterConfig.getInitParameter with value [https://sso.znglzx.com/cas]
2021-04-01 10:54:29.860  [restartedMain] INFO  (WebXmlConfigurationStrategyImpl.java:43) || - Property [serverName] loaded from FilterConfig.getInitParameter with value [http://ssobg.znglzx.com]
2021-04-01 10:54:29.860  [restartedMain] INFO  (WebXmlConfigurationStrategyImpl.java:43) || - Property [casServerLoginUrl] loaded from FilterConfig.getInitParameter with value [https://sso.znglzx.com/cas/login]
2021-04-01 10:54:29.860  [restartedMain] INFO  (WebXmlConfigurationStrategyImpl.java:43) || - Property [ignorePattern] loaded from FilterConfig.getInitParameter with value [/index|logout|/*]
2021-04-01 10:54:29.974  [restartedMain] INFO  (DruidDataSource.java:930) || - {dataSource-1} inited
2021-04-01 10:54:30.759  [restartedMain] INFO  (DruidDataSourceAutoConfigure.java:56) || - Init DruidDataSource
2021-04-01 10:54:36.746  [restartedMain] INFO  (DruidDataSource.java:930) || - {dataSource-2} inited
2021-04-01 10:54:37.157  [restartedMain] INFO  (OptionalLiveReloadServer.java:58) || - LiveReload server is running on port 35729
2021-04-01 10:54:37.893  [restartedMain] INFO  (DirectJDKLog.java:173) || - Starting ProtocolHandler ["http-nio-18603"]
2021-04-01 10:54:37.916  [restartedMain] INFO  (TomcatWebServer.java:204) || - Tomcat started on port(s): 18603 (http) with context path '/crm-mid'
2021-04-01 10:54:37.918  [restartedMain] INFO  (StartupInfoLogger.java:61) || - Started CrmApplication in 12.573 seconds (JVM running for 15.382)
2021-04-01 11:03:42.241  [restartedMain] INFO  (SpringApplication.java:655) || - The following profiles are active: test
2021-04-01 11:03:42.996  [restartedMain] INFO  (GenericScope.java:294) || - BeanFactory id=b185a6fe-7aea-3e9f-a5b7-b063e38b8960
2021-04-01 11:03:43.250  [restartedMain] INFO  (PostProcessorRegistrationDelegate.java:330) || - Bean 'org.springframework.transaction.annotation.ProxyTransactionManagementConfiguration' of type [org.springframework.transaction.annotation.ProxyTransactionManagementConfiguration] is not eligible for getting processed by all BeanPostProcessors (for example: not eligible for auto-proxying)
2021-04-01 11:03:43.281  [restartedMain] INFO  (PostProcessorRegistrationDelegate.java:330) || - Bean 'org.springframework.cloud.autoconfigure.ConfigurationPropertiesRebinderAutoConfiguration' of type [org.springframework.cloud.autoconfigure.ConfigurationPropertiesRebinderAutoConfiguration$$EnhancerBySpringCGLIB$$9ef2b32b] is not eligible for getting processed by all BeanPostProcessors (for example: not eligible for auto-proxying)
2021-04-01 11:03:43.889  [restartedMain] INFO  (TomcatWebServer.java:92) || - Tomcat initialized with port(s): 18603 (http)
2021-04-01 11:03:43.898  [restartedMain] INFO  (DirectJDKLog.java:173) || - Initializing ProtocolHandler ["http-nio-18603"]
2021-04-01 11:03:43.898  [restartedMain] INFO  (DirectJDKLog.java:173) || - Starting service [Tomcat]
2021-04-01 11:03:43.899  [restartedMain] INFO  (DirectJDKLog.java:173) || - Starting Servlet engine: [Apache Tomcat/9.0.30]
2021-04-01 11:03:44.007  [restartedMain] INFO  (DirectJDKLog.java:173) || - Initializing Spring embedded WebApplicationContext
2021-04-01 11:03:44.007  [restartedMain] INFO  (ServletWebServerApplicationContext.java:284) || - Root WebApplicationContext: initialization completed in 1748 ms
2021-04-01 11:03:44.022  [restartedMain] INFO  (CustomerLogoutFilter.java:29) || - com.ec.crm.config.filter.CustomerLogoutFilter$$EnhancerBySpringCGLIB$$908f8830
2021-04-01 11:03:44.041  [restartedMain] INFO  (CustomerLogoutFilter.java:41) || - com.ec.crm.config.filter.CustomerLogoutFilter$$EnhancerBySpringCGLIB$$908f8830
2021-04-01 11:03:44.074  [restartedMain] INFO  (CustomerCasClientConfigurer.java:19) || - com.ec.crm.config.CustomerCasClientConfigurer$$EnhancerBySpringCGLIB$$fc5f7748
2021-04-01 11:03:44.583  [restartedMain] INFO  (WebXmlConfigurationStrategyImpl.java:43) || - Property [serverName] loaded from FilterConfig.getInitParameter with value [http://ssobg.znglzx.com]
2021-04-01 11:03:44.585  [restartedMain] INFO  (WebXmlConfigurationStrategyImpl.java:43) || - Property [casServerUrlPrefix] loaded from FilterConfig.getInitParameter with value [https://sso.znglzx.com/cas]
2021-04-01 11:03:44.589  [restartedMain] INFO  (WebXmlConfigurationStrategyImpl.java:43) || - Property [serverName] loaded from FilterConfig.getInitParameter with value [http://ssobg.znglzx.com]
2021-04-01 11:03:44.589  [restartedMain] INFO  (WebXmlConfigurationStrategyImpl.java:43) || - Property [casServerLoginUrl] loaded from FilterConfig.getInitParameter with value [https://sso.znglzx.com/cas/login]
2021-04-01 11:03:44.589  [restartedMain] INFO  (WebXmlConfigurationStrategyImpl.java:43) || - Property [ignorePattern] loaded from FilterConfig.getInitParameter with value [/index|logout|/*]
2021-04-01 11:03:44.697  [restartedMain] INFO  (DruidDataSource.java:930) || - {dataSource-1} inited
2021-04-01 11:03:45.459  [restartedMain] INFO  (DruidDataSourceAutoConfigure.java:56) || - Init DruidDataSource
2021-04-01 21:41:48.227  [main] INFO  (AbstractTestContextBootstrapper.java:308) || - Neither @ContextConfiguration nor @ContextHierarchy found for test class [com.ec.crm.CrmApplicationTests], using SpringBootContextLoader
2021-04-01 21:41:48.243  [main] INFO  (AbstractContextLoader.java:264) || - Could not detect default resource locations for test class [com.ec.crm.CrmApplicationTests]: no resource found for suffixes {-context.xml, Context.groovy}.
2021-04-01 21:41:48.244  [main] INFO  (AnnotationConfigContextLoaderUtils.java:83) || - Could not detect default configuration classes for test class [com.ec.crm.CrmApplicationTests]: CrmApplicationTests does not declare any static, non-private, non-final, nested classes annotated with @Configuration.
2021-04-01 21:41:48.410  [main] INFO  (SpringBootTestContextBootstrapper.java:235) || - Found @SpringBootConfiguration com.ec.crm.CrmApplication for test class com.ec.crm.CrmApplicationTests
2021-04-01 21:41:48.542  [main] INFO  (AbstractTestContextBootstrapper.java:248) || - Loaded default TestExecutionListener class names from location [META-INF/spring.factories]: [org.springframework.boot.test.autoconfigure.restdocs.RestDocsTestExecutionListener, org.springframework.boot.test.autoconfigure.web.client.MockRestServiceServerResetTestExecutionListener, org.springframework.boot.test.autoconfigure.web.servlet.MockMvcPrintOnlyOnFailureTestExecutionListener, org.springframework.boot.test.autoconfigure.web.servlet.WebDriverTestExecutionListener, org.springframework.boot.test.mock.mockito.MockitoTestExecutionListener, org.springframework.boot.test.mock.mockito.ResetMocksTestExecutionListener, org.springframework.test.context.web.ServletTestExecutionListener, org.springframework.test.context.support.DirtiesContextBeforeModesTestExecutionListener, org.springframework.test.context.support.DependencyInjectionTestExecutionListener, org.springframework.test.context.support.DirtiesContextTestExecutionListener, org.springframework.test.context.transaction.TransactionalTestExecutionListener, org.springframework.test.context.jdbc.SqlScriptsTestExecutionListener, org.springframework.test.context.event.EventPublishingTestExecutionListener]
2021-04-01 21:41:48.571  [main] INFO  (AbstractTestContextBootstrapper.java:177) || - Using TestExecutionListeners: [org.springframework.test.context.web.ServletTestExecutionListener@6986bbaf, org.springframework.test.context.support.DirtiesContextBeforeModesTestExecutionListener@4879dfad, org.springframework.boot.test.mock.mockito.MockitoTestExecutionListener@4758820d, org.springframework.boot.test.autoconfigure.SpringBootDependencyInjectionTestExecutionListener@74eb909f, org.springframework.test.context.support.DirtiesContextTestExecutionListener@28ec166e, org.springframework.test.context.transaction.TransactionalTestExecutionListener@2eee3069, org.springframework.test.context.jdbc.SqlScriptsTestExecutionListener@2da59753, org.springframework.test.context.event.EventPublishingTestExecutionListener@5629510, org.springframework.boot.test.autoconfigure.restdocs.RestDocsTestExecutionListener@4df5bcb4, org.springframework.boot.test.autoconfigure.web.client.MockRestServiceServerResetTestExecutionListener@12c7a01b, org.springframework.boot.test.autoconfigure.web.servlet.MockMvcPrintOnlyOnFailureTestExecutionListener@13d9b21f, org.springframework.boot.test.autoconfigure.web.servlet.WebDriverTestExecutionListener@2826f61, org.springframework.boot.test.mock.mockito.ResetMocksTestExecutionListener@62727399]
2021-04-01 21:45:57.902  [main] INFO  (AbstractTestContextBootstrapper.java:308) || - Neither @ContextConfiguration nor @ContextHierarchy found for test class [com.ec.crm.CrmApplicationTests], using SpringBootContextLoader
2021-04-01 21:45:57.934  [main] INFO  (AbstractContextLoader.java:264) || - Could not detect default resource locations for test class [com.ec.crm.CrmApplicationTests]: no resource found for suffixes {-context.xml, Context.groovy}.
2021-04-01 21:45:57.935  [main] INFO  (AnnotationConfigContextLoaderUtils.java:83) || - Could not detect default configuration classes for test class [com.ec.crm.CrmApplicationTests]: CrmApplicationTests does not declare any static, non-private, non-final, nested classes annotated with @Configuration.
2021-04-01 21:45:58.081  [main] INFO  (SpringBootTestContextBootstrapper.java:235) || - Found @SpringBootConfiguration com.ec.crm.CrmApplication for test class com.ec.crm.CrmApplicationTests
2021-04-01 21:45:58.213  [main] INFO  (AbstractTestContextBootstrapper.java:248) || - Loaded default TestExecutionListener class names from location [META-INF/spring.factories]: [org.springframework.boot.test.autoconfigure.restdocs.RestDocsTestExecutionListener, org.springframework.boot.test.autoconfigure.web.client.MockRestServiceServerResetTestExecutionListener, org.springframework.boot.test.autoconfigure.web.servlet.MockMvcPrintOnlyOnFailureTestExecutionListener, org.springframework.boot.test.autoconfigure.web.servlet.WebDriverTestExecutionListener, org.springframework.boot.test.mock.mockito.MockitoTestExecutionListener, org.springframework.boot.test.mock.mockito.ResetMocksTestExecutionListener, org.springframework.test.context.web.ServletTestExecutionListener, org.springframework.test.context.support.DirtiesContextBeforeModesTestExecutionListener, org.springframework.test.context.support.DependencyInjectionTestExecutionListener, org.springframework.test.context.support.DirtiesContextTestExecutionListener, org.springframework.test.context.transaction.TransactionalTestExecutionListener, org.springframework.test.context.jdbc.SqlScriptsTestExecutionListener, org.springframework.test.context.event.EventPublishingTestExecutionListener]
2021-04-01 21:45:58.241  [main] INFO  (AbstractTestContextBootstrapper.java:177) || - Using TestExecutionListeners: [org.springframework.test.context.web.ServletTestExecutionListener@6986bbaf, org.springframework.test.context.support.DirtiesContextBeforeModesTestExecutionListener@4879dfad, org.springframework.boot.test.mock.mockito.MockitoTestExecutionListener@4758820d, org.springframework.boot.test.autoconfigure.SpringBootDependencyInjectionTestExecutionListener@74eb909f, org.springframework.test.context.support.DirtiesContextTestExecutionListener@28ec166e, org.springframework.test.context.transaction.TransactionalTestExecutionListener@2eee3069, org.springframework.test.context.jdbc.SqlScriptsTestExecutionListener@2da59753, org.springframework.test.context.event.EventPublishingTestExecutionListener@5629510, org.springframework.boot.test.autoconfigure.restdocs.RestDocsTestExecutionListener@4df5bcb4, org.springframework.boot.test.autoconfigure.web.client.MockRestServiceServerResetTestExecutionListener@12c7a01b, org.springframework.boot.test.autoconfigure.web.servlet.MockMvcPrintOnlyOnFailureTestExecutionListener@13d9b21f, org.springframework.boot.test.autoconfigure.web.servlet.WebDriverTestExecutionListener@2826f61, org.springframework.boot.test.mock.mockito.ResetMocksTestExecutionListener@62727399]
